Arguments: 
  C:\cli_tools\nodejs\node.exe C:\cli_tools\nodejs\node_modules\yarn\bin\yarn.js init

PATH: 
  C:\Users\PTsegen\Miniconda3;C:\Users\PTsegen\Miniconda3\Library\mingw-w64\bin;C:\Users\PTsegen\Miniconda3\Library\usr\bin;C:\Users\PTsegen\Miniconda3\Library\bin;C:\Users\PTsegen\Miniconda3\Scripts;C:\Users\PTsegen\Miniconda3\bin;C:\Users\PTsegen\Miniconda3\condabin;C:\WINDOWS\system32;C:\WINDOWS;C:\WINDOWS\System32\Wbem;C:\WINDOWS\System32\WindowsPowerShell\v1.0;C:\WINDOWS\System32\OpenSSH;C:\Users\ptsegen\AppData\Local\Microsoft\WindowsApps;C:\Users\ptsegen\AppData\Local\Programs\Git\cmd;C:\cli_tools\nodejs;C:\Users\ptsegen\AppData\Local\Programs\Microsoft VS Code Insiders\bin;C:\Users\ptsegen\Miniconda3;C:\Users\ptsegen\Miniconda3\Lib\site-packages;C:\Users\ptsegen\Miniconda3\Lib\site-packages\pip;C:\MongoDB\bin;.

Yarn version: 
  1.22.10

Node version: 
  14.17.3

Platform: 
  win32 x64

Trace: 
  Error: canceled
      at Interface.<anonymous> (C:\cli_tools\nodejs\node_modules\yarn\lib\cli.js:136216:13)
      at Interface.emit (events.js:375:28)
      at Interface._ttyWrite (readline.js:910:16)
      at ReadStream.onkeypress (readline.js:235:10)
      at ReadStream.emit (events.js:375:28)
      at emitKeys (internal/readline/utils.js:358:14)
      at emitKeys.next (<anonymous>)
      at ReadStream.onData (readline.js:1179:36)
      at ReadStream.emit (events.js:375:28)
      at addChunk (internal/streams/readable.js:290:12)

npm manifest: 
  No manifest

yarn manifest: 
  No manifest

Lockfile: 
  No lockfile
